[2023/06/09 12:49:02] LogFile:       C:\Users\Administrator\AppData\Local\Temp\Delinea_Secret_Server_and_Privilege_Manager_20230609123901_SS_Configuration.log
[2023/06/09 12:49:02] BaseUrl:       http://localhost:80/SecretServer
[2023/06/09 12:49:02] AppPool:       SecretServer
[2023/06/09 12:49:02] SiteName:      Default Web Site
[2023/06/09 12:49:03] InstallFolder: C:\inetpub\wwwroot\SecretServer\
[2023/06/09 12:49:03] Configuring Enable32BitAppOnWin64 on Secret Server app pool SecretServer
[2023/06/09 12:49:04] Enabling LoadUserProfile on Secret Server app pool SecretServer
[2023/06/09 12:49:05] Configuring Application Initialization Start Mode on Secret Server app pool SecretServer
[2023/06/09 12:49:05] Waiting 15 seconds for new app pool changes to register...
[2023/06/09 12:49:20] Configuring Preload Enabled on SecretServer site
[2023/06/09 12:49:21] Found '\' in payload, replacing with '\\'
[2023/06/09 12:49:21] ServiceUrl: http://localhost:80/SecretServer/Setup/StartNewInstall
[2023/06/09 12:49:21] Calling configuration service (may take a minute or two)...
[2023/06/09 12:49:50] Response 200 from server: {"Success":true,"Message":null,"Model":{"UpgradeStartSuccess":true,"LoginFail":false,"ErrorMessage":null},"Code":null}
[2023/06/09 12:49:50] Configuration started.
[2023/06/09 12:49:56] Setup Parameters:
[2023/06/09 12:49:56] 	New Installation
[2023/06/09 12:49:56] 	App Path:	C:\inetpub\wwwroot\SecretServer
[2023/06/09 12:49:56] 	SQL Delta Path:	C:\inetpub\wwwroot\SecretServer\Database\SqlServer
[2023/06/09 12:49:57] 	Theme Path:	C:\inetpub\wwwroot\SecretServer\themes
[2023/06/09 12:49:57] Checking for Locked Files
[2023/06/09 12:49:57] Generating new encryption key at C:\inetpub\wwwroot\SecretServer\encryption.config
[2023/06/09 12:49:58] Ran in 0s.
[2023/06/09 12:49:58] Begin Create Database at 04:49:50 A +8
[2023/06/09 12:49:58] Verify database connection settings
[2023/06/09 12:49:58] Database already exists - skipping create
[2023/06/09 12:49:59] Successfully logged in to new database SecretServer
[2023/06/09 12:49:59] Persist database settings
[2023/06/09 12:49:59] Completed Create Database at 04:49:51 A +8
[2023/06/09 12:49:59] Ran in 1s.
[2023/06/09 12:50:35] Begin Upgrade Database at 04:49:51 A +8
[2023/06/09 12:50:35] Begin Upgrade (Commit: True)
[2023/06/09 12:50:35] Get all SQL Deltas in C:\inetpub\wwwroot\SecretServer\Database\SqlServer
[2023/06/09 12:50:35] SQL Delta Count: 2036
[2023/06/09 12:50:36] SQL Function Count: 4
[2023/06/09 12:50:36] SQL Stored Procedures Count: 13
[2023/06/09 12:50:36] SQL Total Item Count: 2057
[2023/06/09 12:50:36] Open connection
[2023/06/09 12:50:37] Current Version: 0.0.00000
[2023/06/09 12:50:37] Deltas Found: 2036
[2023/06/09 12:50:37] 		C:\inetpub\wwwroot\SecretServer\Database\SqlServer\11.4\000031.sql
[2023/06/09 12:50:37] Deltas Complete. 2033 ran.
[2023/06/09 12:50:38] Applying Functions (4)
[2023/06/09 12:50:38] 		C:\inetpub\wwwroot\SecretServer\Database\SqlServer\Functions\udf_Swap.sql
[2023/06/09 12:50:38] Functions Complete. 4 ran.
[2023/06/09 12:50:38] Applying Procedures (13)
[2023/06/09 12:50:39] 		C:\inetpub\wwwroot\SecretServer\Database\SqlServer\StoredProcedures\ProcessShouldScanComputers.sql
[2023/06/09 12:50:39] Procedures Complete. 13 ran.
[2023/06/09 12:50:39] Total SQL Deltas Applied: 2033
[2023/06/09 12:50:39] Committing transaction
[2023/06/09 12:50:40] Database Upgrade Complete
[2023/06/09 12:50:40] Completed Upgrade Database at 04:50:31 A +8
[2023/06/09 12:50:40] Ran in 40s.
[2023/06/09 12:50:40] Theme path exists: C:\inetpub\wwwroot\SecretServer\themes
[2023/06/09 12:50:41] Remove read only attribute on themes
[2023/06/09 12:50:41] Themes updated
[2023/06/09 12:50:41] Completed Create Initial User at 04:50:33 A +8
[2023/06/09 12:50:41] Ran in 2s.
[2023/06/09 12:50:42] Completed Configure Email Settings at 04:50:33 A +8
[2023/06/09 12:50:42] Retrieve application configuration settings
[2023/06/09 12:50:42] No customized application settings were specified for this install
[2023/06/09 12:50:42] Completed Application Configuration at 04:50:33 A +8
[2023/06/09 12:50:43] SUCCESS: Secret Server configuration completed successfully.
