[0304:1214][2023-06-09T12:39:00]i001: Burn v3.11.2.4516, Windows v10.0 (Build 20348: Service Pack 0), path: C:\Windows\Temp\{4A843A99-6A20-41D6-BBB8-210CBBA7E053}\.cr\4d7ea982-5d6b-44b6-a34a-2ff412615847.exe
[0304:1214][2023-06-09T12:39:00]i000: Initializing numeric variable 'InstallSqlExpress' to value '0'
[0304:1214][2023-06-09T12:39:00]i000: Initializing numeric variable 'CreateWebSite' to value '0'
[0304:1214][2023-06-09T12:39:00]i000: Initializing string variable 'SecretServerLogFile' to value ''
[0304:1214][2023-06-09T12:39:00]i000: Initializing string variable 'SecretServerConfigLogFile' to value ''
[0304:1214][2023-06-09T12:39:00]i000: Initializing string variable 'SecretServerSiteName' to value 'Default Web Site'
[0304:1214][2023-06-09T12:39:00]i000: Initializing numeric variable 'SecretServerSitePort' to value '80'
[0304:1214][2023-06-09T12:39:00]i000: Initializing numeric variable 'SecretServerSiteHttpsPort' to value '443'
[0304:1214][2023-06-09T12:39:00]i000: Initializing string variable 'SecretServerApplicationName' to value 'SecretServer'
[0304:1214][2023-06-09T12:39:00]i000: Initializing string variable 'SecretServerDestinationFolderPath' to value 'C:\inetpub\wwwroot\SecretServer'
[0304:1214][2023-06-09T12:39:00]i000: Initializing string variable 'SecretServerAppUserName' to value ''
[0304:1214][2023-06-09T12:39:00]i000: Initializing hidden variable 'SecretServerAppPassword'
[0304:1214][2023-06-09T12:39:00]i000: Initializing string variable 'PrivilegeManagerLogFile' to value ''
[0304:1214][2023-06-09T12:39:00]i000: Initializing string variable 'PrivilegeManagerDestinationFolderPath' to value 'C:\inetpub\wwwroot\TMS'
[0304:1214][2023-06-09T12:39:00]i000: Initializing string variable 'PrivilegeManagerApplicationName' to value 'TMS'
[0304:1214][2023-06-09T12:39:00]i000: Initializing string variable 'PrivilegeManagerBaseUrl' to value ''
[0304:1214][2023-06-09T12:39:00]i000: Initializing string variable 'PrivilegeManagerAppUserName' to value ''
[0304:1214][2023-06-09T12:39:00]i000: Initializing hidden variable 'PrivilegeManagerAppPassword'
[0304:1214][2023-06-09T12:39:00]i000: Initializing string variable 'NugetPackagesUrl' to value ''
[0304:1214][2023-06-09T12:39:00]i000: Initializing string variable 'DatabaseServer' to value ''
[0304:1214][2023-06-09T12:39:00]i000: Initializing string variable 'DatabaseName' to value ''
[0304:1214][2023-06-09T12:39:00]i000: Initializing numeric variable 'DatabaseIsUsingWindowsAuthentication' to value '0'
[0304:1214][2023-06-09T12:39:00]i000: Initializing string variable 'DatabaseUserName' to value ''
[0304:1214][2023-06-09T12:39:00]i000: Initializing hidden variable 'DatabasePassword'
[0304:1214][2023-06-09T12:39:00]i000: Initializing numeric variable 'DatabaseEnableSslEncryption' to value '0'
[0304:1214][2023-06-09T12:39:00]i000: Initializing numeric variable 'DatabaseConnectionTimeout' to value '15'
[0304:1214][2023-06-09T12:39:00]i000: Initializing numeric variable 'DatabaseEnableMultiSubnetFailover' to value '0'
[0304:1214][2023-06-09T12:39:00]i000: Initializing string variable 'DatabaseFailoverPartner' to value ''
[0304:1214][2023-06-09T12:39:00]i000: Initializing numeric variable 'DatabaseTrustServerCertificate' to value '0'
[0304:1214][2023-06-09T12:39:00]i000: Initializing string variable 'EmailServerName' to value ''
[0304:1214][2023-06-09T12:39:00]i000: Initializing string variable 'EmailFromAddress' to value ''
[0304:1214][2023-06-09T12:39:00]i000: Initializing numeric variable 'EmailUseSSL' to value '1'
[0304:1214][2023-06-09T12:39:00]i000: Initializing numeric variable 'EmailUseCustomPort' to value '1'
[0304:1214][2023-06-09T12:39:00]i000: Initializing numeric variable 'EmailPort' to value '465'
[0304:1214][2023-06-09T12:39:00]i000: Initializing string variable 'EmailUseCredentials' to value '0'
[0304:1214][2023-06-09T12:39:00]i000: Initializing string variable 'EmailUserName' to value ''
[0304:1214][2023-06-09T12:39:00]i000: Initializing hidden variable 'EmailPassword'
[0304:1214][2023-06-09T12:39:00]i000: Initializing string variable 'SecretServerUserName' to value ''
[0304:1214][2023-06-09T12:39:00]i000: Initializing hidden variable 'SecretServerUserPassword'
[0304:1214][2023-06-09T12:39:00]i000: Initializing string variable 'SecretServerUserDisplayName' to value ''
[0304:1214][2023-06-09T12:39:00]i000: Initializing string variable 'SecretServerUserEmail' to value ''
[0304:1214][2023-06-09T12:39:00]i000: Initializing string variable 'SecretServerUserPhone' to value ''
[0304:1214][2023-06-09T12:39:00]i000: Initializing numeric variable 'IsGovernmentEdition' to value '0'
[0304:1214][2023-06-09T12:39:00]i000: Initializing string variable 'FipsCipherSuites' to value ''
[0304:1214][2023-06-09T12:39:00]i000: Initializing numeric variable 'NodeInstall' to value '0'
[0304:1214][2023-06-09T12:39:00]i009: Command Line: '-burn.clean.room=\\Central\D$\Installers\Delinea\4d7ea982-5d6b-44b6-a34a-2ff412615847.exe -burn.filehandle.attached=596 -burn.filehandle.self=516'
[0304:1214][2023-06-09T12:39:00]i000: Setting string variable 'WixBundleOriginalSource' to value '\\Central\D$\Installers\Delinea\4d7ea982-5d6b-44b6-a34a-2ff412615847.exe'
[0304:1214][2023-06-09T12:39:00]i000: Setting string variable 'WixBundleOriginalSourceFolder' to value '\\Central\D$\Installers\Delinea\'
[0304:1214][2023-06-09T12:39:01]i000: Setting string variable 'WixBundleLog' to value 'C:\Users\ADMINI~1\AppData\Local\Temp\Delinea_Secret_Server_and_Privilege_Manager_20230609123901.log'
[0304:1214][2023-06-09T12:39:01]i000: Setting string variable 'WixBundleManufacturer' to value 'Delinea'
[0304:1214][2023-06-09T12:39:01]i000: Loading managed bootstrapper application.
[0304:1214][2023-06-09T12:39:01]i000: Creating BA thread to run asynchronously.
[0304:08B8][2023-06-09T12:39:01]i000: Using log file path: C:\Users\ADMINI~1\AppData\Local\Temp\Delinea_Secret_Server_and_Privilege_Manager_20230609123901.log
[0304:08B8][2023-06-09T12:39:01]i000: Checking if Secret Server already installed...
[0304:08B8][2023-06-09T12:39:01]i000: Secret Server detected: False
[0304:08B8][2023-06-09T12:39:01]i000: Checking if Privilege Manager already installed...
[0304:08B8][2023-06-09T12:39:01]i000: Privilege Manager detected: False
[0304:08B8][2023-06-09T12:39:01]i000: Setting numeric variable 'InstallSecretServer' to value 1
[0304:08B8][2023-06-09T12:39:01]i000: Setting numeric variable 'InstallPrivilegeManager' to value 1
[0304:08B8][2023-06-09T12:39:01]i000: Launching custom UX
[0304:08B8][2023-06-09T12:39:01]i000: UAC Enabled: True
[0304:08B8][2023-06-09T12:39:01]i000: Evaluated elevation result size: 4.
[0304:08B8][2023-06-09T12:39:01]i000: Evaluated elevation type ptr: 111225832.
[0304:08B8][2023-06-09T12:39:01]i000: Has token info: True with size 4.
[0304:08B8][2023-06-09T12:39:01]i000: Elevation Result: Default
[0304:1D48][2023-06-09T12:39:12]i000: Status Code returned: OK
[0304:1C64][2023-06-09T12:39:48]i000: Status Code returned: OK
[0304:08B8][2023-06-09T12:41:08]i000: Connecting to database SecretServer on localhost\DELINEA
[0304:08B8][2023-06-09T12:41:08]e000: ERROR: Class: 11 Number: 4060 State: 1 Message: Cannot open database "SecretServer" requested by the login. The login failed.
[0304:08B8][2023-06-09T12:41:08]e000: ERROR: Class: 14 Number: 18456 State: 1 Message: Login failed for user 'sa'.
[0304:08B8][2023-06-09T12:41:20]i000: Connecting to database SecretServer on localhost\DELINEA
[0304:08B8][2023-06-09T12:41:20]e000: ERROR: Class: 11 Number: 4060 State: 1 Message: Cannot open database "SecretServer" requested by the login. The login failed.
[0304:08B8][2023-06-09T12:41:20]e000: ERROR: Class: 14 Number: 18456 State: 1 Message: Login failed for user 'sa'.
[0304:08B8][2023-06-09T12:41:50]i000: Connecting to database SecretServer on localhost\DELINEA
[0304:08B8][2023-06-09T12:41:50]i000: SQL Server version 16.0.1000 detected.
[0304:08B8][2023-06-09T12:41:50]i000: Creating database 'SecretServer'
[0304:08B8][2023-06-09T12:41:50]i000: Database created.
[0304:08B8][2023-06-09T12:42:52]i000: Begin testing email server connection.
[0304:08B8][2023-06-09T12:42:52]i000: SSL enabled: False
[0304:08B8][2023-06-09T12:42:52]i000: Connecting to mail.ark.vx
[0304:08B8][2023-06-09T12:42:52]i000: Email server test succeeded.
[0304:08B8][2023-06-09T12:42:52]i000: End testing email server connection.
[0304:08B8][2023-06-09T12:47:15]i000: UAC Enabled: True
[0304:08B8][2023-06-09T12:47:15]i000: Evaluated elevation result size: 4.
[0304:08B8][2023-06-09T12:47:15]i000: Evaluated elevation type ptr: 194617856.
[0304:08B8][2023-06-09T12:47:15]i000: Has token info: True with size 4.
[0304:08B8][2023-06-09T12:47:15]i000: Elevation Result: Default
[0304:08B8][2023-06-09T12:47:40]i000: Setting numeric variable 'InstallPreReqs' to value 0
[0304:08B8][2023-06-09T12:47:40]i000: Setting string variable 'LOGFILE' to value 'C:\Users\ADMINI~1\AppData\Local\Temp\Delinea_Secret_Server_and_Privilege_Manager_20230609123901.log'
[0304:08B8][2023-06-09T12:47:40]i000: Setting numeric variable 'SqlInstalled' to value 0
[0304:08B8][2023-06-09T12:47:40]i000: Setting numeric variable 'InstallSqlExpress' to value 0
[0304:08B8][2023-06-09T12:47:40]i000: Setting string variable 'SecretServerSiteName' to value 'Default Web Site'
[0304:08B8][2023-06-09T12:47:40]i000: Setting numeric variable 'SecretServerSitePort' to value 80
[0304:08B8][2023-06-09T12:47:40]i000: Setting numeric variable 'SecretServerSiteHttpsPort' to value 443
[0304:08B8][2023-06-09T12:47:40]i000: Unsetting variable 'SecretServerSiteCertificateThumbprint'
[0304:08B8][2023-06-09T12:47:40]i000: Setting numeric variable 'CreateWebSite' to value 0
[0304:08B8][2023-06-09T12:47:40]i000: Setting numeric variable 'InstallSecretServer' to value 1
[0304:08B8][2023-06-09T12:47:40]i000: Setting numeric variable 'InstallPrivilegeManager' to value 0
[0304:08B8][2023-06-09T12:47:40]i000: Setting string variable 'SecretServerDestinationFolderPath' to value 'C:\inetpub\wwwroot\SecretServer'
[0304:08B8][2023-06-09T12:47:40]i000: Setting string variable 'SecretServerApplicationName' to value 'SecretServer'
[0304:08B8][2023-06-09T12:47:40]i000: Unsetting variable 'SecretServerAppUserName'
[0304:08B8][2023-06-09T12:47:40]i000: Setting hidden variable 'SecretServerAppPassword'
[0304:08B8][2023-06-09T12:47:40]i000: Setting string variable 'PrivilegeManagerDestinationFolderPath' to value 'C:\inetpub\wwwroot\TMS'
[0304:08B8][2023-06-09T12:47:40]i000: Setting string variable 'PrivilegeManagerApplicationName' to value 'TMS'
[0304:08B8][2023-06-09T12:47:40]i000: Setting string variable 'PrivilegeManagerAppUserName' to value ''
[0304:08B8][2023-06-09T12:47:40]i000: Setting hidden variable 'PrivilegeManagerAppPassword'
[0304:08B8][2023-06-09T12:47:40]i000: Setting string variable 'PrivilegeManagerSiteName' to value 'Default Web Site'
[0304:08B8][2023-06-09T12:47:40]i000: Setting string variable 'PrivilegeManagerBaseUrl' to value '/TMS/'
[0304:08B8][2023-06-09T12:47:40]i000: Setting string variable 'DatabaseServer' to value 'localhost\DELINEA'
[0304:08B8][2023-06-09T12:47:40]i000: Setting string variable 'DatabaseName' to value 'SecretServer'
[0304:08B8][2023-06-09T12:47:40]i000: Setting numeric variable 'DatabaseIsUsingWindowsAuthentication' to value 0
[0304:08B8][2023-06-09T12:47:40]i000: Setting string variable 'DatabaseUserName' to value 'sa'
[0304:08B8][2023-06-09T12:47:40]i000: Setting hidden variable 'DatabasePassword'
[0304:08B8][2023-06-09T12:47:40]i000: Setting numeric variable 'DatabaseEnableSslEncryption' to value 0
[0304:08B8][2023-06-09T12:47:40]i000: Setting numeric variable 'DatabaseConnectionTimeout' to value 15
[0304:08B8][2023-06-09T12:47:40]i000: Setting numeric variable 'DatabaseEnableMultiSubnetFailover' to value 0
[0304:08B8][2023-06-09T12:47:40]i000: Setting string variable 'DatabaseFailoverPartner' to value ''
[0304:08B8][2023-06-09T12:47:40]i000: Setting numeric variable 'DatabaseTrustServerCertificate' to value 0
[0304:08B8][2023-06-09T12:47:40]i000: Setting string variable 'EmailServerName' to value 'mail.ark.vx'
[0304:08B8][2023-06-09T12:47:40]i000: Setting string variable 'EmailFromAddress' to value 'ss@ark.vx'
[0304:08B8][2023-06-09T12:47:40]i000: Setting numeric variable 'EmailUseSSL' to value 0
[0304:08B8][2023-06-09T12:47:40]i000: Setting numeric variable 'EmailUseCustomPort' to value 0
[0304:08B8][2023-06-09T12:47:40]i000: Setting numeric variable 'EmailPort' to value 25
[0304:08B8][2023-06-09T12:47:40]i000: Setting numeric variable 'EmailUseCredentials' to value 0
[0304:08B8][2023-06-09T12:47:40]i000: Setting string variable 'EmailUserName' to value ''
[0304:08B8][2023-06-09T12:47:40]i000: Unsetting variable 'EmailDomain'
[0304:08B8][2023-06-09T12:47:40]i000: Setting hidden variable 'EmailPassword'
[0304:08B8][2023-06-09T12:47:40]i000: Setting string variable 'SecretServerUserName' to value 'mike'
[0304:08B8][2023-06-09T12:47:40]i000: Setting hidden variable 'SecretServerUserPassword'
[0304:08B8][2023-06-09T12:47:40]i000: Setting string variable 'SecretServerUserDisplayName' to value 'Mike'
[0304:08B8][2023-06-09T12:47:40]i000: Setting string variable 'SecretServerUserEmail' to value 'mike@ark.vx'
[0304:08B8][2023-06-09T12:47:40]i000: Setting string variable 'SecretServerUserPhone' to value ''
[0304:08B8][2023-06-09T12:47:40]i000: Setting string variable 'SecretServerConfigLogFile' to value 'C:\Users\Administrator\AppData\Local\Temp\Delinea_Secret_Server_and_Privilege_Manager_20230609123901_SS_Configuration.log'
[0304:08B8][2023-06-09T12:47:40]i000: Setting string variable 'PrivilegeManagerLogFile' to value 'C:\Users\Administrator\AppData\Local\Temp\Delinea_Secret_Server_and_Privilege_Manager_20230609123901_TMS_Configuration.log'
[0304:08B8][2023-06-09T12:47:40]i000: Setting numeric variable 'IsGovernmentEdition' to value 0
[0304:08B8][2023-06-09T12:47:40]i000: Setting string variable 'FipsCipherSuites' to value ''
[0304:1214][2023-06-09T12:47:40]i100: Detect begin, 6 packages
[0304:1214][2023-06-09T12:47:40]i052: Condition 'SqlInstalled' evaluates to false.
[0304:1214][2023-06-09T12:47:40]i101: Detected package: Dependencies, state: Absent, cached: None
[0304:1214][2023-06-09T12:47:40]i101: Detected package: SQLEXPR_x64_ENU.exe, state: Absent, cached: None
[0304:1214][2023-06-09T12:47:40]i101: Detected package: SecretServer, state: Absent, cached: None
[0304:1214][2023-06-09T12:47:40]i101: Detected package: ProductNupkgFiles, state: Absent, cached: None
[0304:1214][2023-06-09T12:47:40]i101: Detected package: ThycoticMonitor, state: Absent, cached: None
[0304:1214][2023-06-09T12:47:40]i101: Detected package: PrivilegeManager, state: Absent, cached: None
[0304:1214][2023-06-09T12:47:40]i199: Detect complete, result: 0x0
[0304:1214][2023-06-09T12:47:40]i200: Plan begin, 6 packages, action: Install
[0304:1214][2023-06-09T12:47:40]i052: Condition 'InstallPreReqs = 1' evaluates to false.
[0304:1214][2023-06-09T12:47:40]i052: Condition 'InstallPreReqs = 0 AND (VersionNT64) AND (VersionNT64 >= v6.0) AND (InstallSqlExpress = 1)' evaluates to false.
[0304:1214][2023-06-09T12:47:40]i052: Condition '(InstallPreReqs = 0 OR CliInstall = 1) AND InstallSecretServer = 1' evaluates to true.
[0304:1214][2023-06-09T12:47:40]i000: Setting string variable 'WixBundleLog_SecretServer' to value 'C:\Users\ADMINI~1\AppData\Local\Temp\Delinea_Secret_Server_and_Privilege_Manager_20230609123901_000_SecretServer.log'
[0304:1214][2023-06-09T12:47:40]i052: Condition 'InstallPreReqs = 0 AND InstallPrivilegeManager = 1' evaluates to false.
[0304:1214][2023-06-09T12:47:40]i052: Condition 'InstallPreReqs = 0 AND InstallPrivilegeManager = 1' evaluates to false.
[0304:1214][2023-06-09T12:47:40]i052: Condition 'InstallPreReqs = 0 AND InstallPrivilegeManager = 1' evaluates to false.
[0304:1214][2023-06-09T12:47:40]i201: Planned package: Dependencies, state: Absent, default requested: Absent, ba requested: Absent, execute: None, rollback: None, cache: No, uncache: No, dependency: None
[0304:1214][2023-06-09T12:47:40]i201: Planned package: SQLEXPR_x64_ENU.exe, state: Absent, default requested: Absent, ba requested: Absent, execute: None, rollback: None, cache: No, uncache: No, dependency: None
[0304:1214][2023-06-09T12:47:40]i201: Planned package: SecretServer, state: Absent, default requested: Present, ba requested: Present, execute: Install, rollback: None, cache: Yes, uncache: No, dependency: Register
[0304:1214][2023-06-09T12:47:40]i201: Planned package: ProductNupkgFiles, state: Absent, default requested: Absent, ba requested: Absent, execute: None, rollback: None, cache: No, uncache: No, dependency: None
[0304:1214][2023-06-09T12:47:40]i201: Planned package: ThycoticMonitor, state: Absent, default requested: Absent, ba requested: Absent, execute: None, rollback: None, cache: No, uncache: No, dependency: None
[0304:1214][2023-06-09T12:47:40]i201: Planned package: PrivilegeManager, state: Absent, default requested: Absent, ba requested: Absent, execute: None, rollback: None, cache: No, uncache: No, dependency: None
[0304:1214][2023-06-09T12:47:40]i299: Plan complete, result: 0x0
[0304:1214][2023-06-09T12:47:40]i300: Apply begin
[0304:1214][2023-06-09T12:47:40]i010: Launching elevated engine process.
[0304:1214][2023-06-09T12:47:40]i011: Launched elevated engine process.
[0304:1214][2023-06-09T12:47:40]i012: Connected to elevated engine.
[1C4C:0D98][2023-06-09T12:47:40]i358: Pausing automatic updates.
[1C4C:0D98][2023-06-09T12:47:40]i359: Paused automatic updates.
[1C4C:0D98][2023-06-09T12:47:40]i360: Creating a system restore point.
[1C4C:0D98][2023-06-09T12:47:40]i362: System restore disabled, system restore point not created.
[1C4C:0D98][2023-06-09T12:47:40]i371: Updating session, registration key: SOFTWARE\Microsoft\Windows\CurrentVersion\Uninstall\{4d86eb3b-e820-4b7c-ba85-93a249758cb2}, resume: Active, restart initiated: No, disable resume: No
[1C4C:1F78][2023-06-09T12:47:46]i305: Verified acquired payload: SecretServer at path: C:\ProgramData\Package Cache\.unverified\SecretServer, moving to: C:\ProgramData\Package Cache\{017DE4BA-E3D5-4293-909A-8CB41B3322AF}v11.4.000031\Secret_Server_Installer.msi.
[1C4C:1F78][2023-06-09T12:47:46]i305: Verified acquired payload: cab92FE62B4716E34878530FB37425F85DD at path: C:\ProgramData\Package Cache\.unverified\cab92FE62B4716E34878530FB37425F85DD, moving to: C:\ProgramData\Package Cache\{017DE4BA-E3D5-4293-909A-8CB41B3322AF}v11.4.000031\cab1.cab.
[1C4C:1F78][2023-06-09T12:47:47]i305: Verified acquired payload: cab0B9C7716725295524C7A25F29E04B22A at path: C:\ProgramData\Package Cache\.unverified\cab0B9C7716725295524C7A25F29E04B22A, moving to: C:\ProgramData\Package Cache\{017DE4BA-E3D5-4293-909A-8CB41B3322AF}v11.4.000031\cab2.cab.
[1C4C:1F78][2023-06-09T12:47:47]i305: Verified acquired payload: cab29978555438C09AB85A420BF9DA0FB0E at path: C:\ProgramData\Package Cache\.unverified\cab29978555438C09AB85A420BF9DA0FB0E, moving to: C:\ProgramData\Package Cache\{017DE4BA-E3D5-4293-909A-8CB41B3322AF}v11.4.000031\cab3.cab.
[1C4C:0D98][2023-06-09T12:47:47]i323: Registering package dependency provider: {017DE4BA-E3D5-4293-909A-8CB41B3322AF}, version: 11.4.000031, package: SecretServer
[1C4C:0D98][2023-06-09T12:47:47]i301: Applying execute package: SecretServer, action: Install, path: C:\ProgramData\Package Cache\{017DE4BA-E3D5-4293-909A-8CB41B3322AF}v11.4.000031\Secret_Server_Installer.msi, arguments: ' MSIFASTINSTALL="7" LOGFILE="" CONFIG_LOGFILE="C:\Users\Administrator\AppData\Local\Temp\Delinea_Secret_Server_and_Privilege_Manager_20230609123901_SS_Configuration.log" WEB_APP_NAME="SecretServer" WEB_APP_ACCOUNT_NAME="" WEB_APP_ACCOUNT_PASSWORD="*****" INSTALLFOLDER="C:\inetpub\wwwroot\SecretServer" WEBSITE_NAME="Default Web Site" WEBSITE_PORT="80" WEBSITE_HTTPS_PORT="443" CREATE_WEBSITE="0" SECRET_SERVER_VERSION="11.4.000031" INSTALL_PRIVILEGE_MANAGER="0" TMS_INSTALLFOLDER="C:\inetpub\wwwroot\TMS" TMS_WEB_APP_NAME="TMS" TMS_BASE_URL="/TMS/" DB_SERVER="localhost\DELINEA" DB_NAME="SecretServer" DB_WIN_AUTH="0" DB_USER="sa" DB_PASSWORD="*****" DB_ENCRYPT="0" DB_TIMEOUT="15" DB_FAILOVER="0" DB_FAILOVER_PARTNER="" DB_TRUST_CERT="0" EMAIL_SERVER="mail.ark.vx" EMAIL_FROM_ADDRESS="ss@ark.vx" EMAIL_SSL="0" EMAIL_USE_CUSTOM_PORT="0" EMAIL_PORT="25" EMAIL_USE_CREDENTIALS="0" EMAIL_USERNAME="" EMAIL_PASSWORD="*****" SS_USER_NAME="mike" SS_USER_PASSWORD="*****" SS_USER_DISPLAYNAME="Mike" SS_USER_EMAIL="mike@ark.vx" SS_USER_PHONE="" GOVERNMENT_EDITION="0" FIPS_CIPHER_SUITES="" NODE_INSTALL="0"'
[0304:1214][2023-06-09T12:47:51]i000: Begin processing of log file: C:\Users\Administrator\AppData\Local\Temp\Delinea_Secret_Server_and_Privilege_Manager_20230609123901_SS_Configuration.log
[0304:1214][2023-06-09T12:47:51]i000: End processing of log file: C:\Users\Administrator\AppData\Local\Temp\Delinea_Secret_Server_and_Privilege_Manager_20230609123901_SS_Configuration.log
[0304:1214][2023-06-09T12:49:01]i000: Begin processing of log file: C:\Users\Administrator\AppData\Local\Temp\Delinea_Secret_Server_and_Privilege_Manager_20230609123901_SS_Configuration.log
[0304:1214][2023-06-09T12:50:43]i000: End processing of log file: C:\Users\Administrator\AppData\Local\Temp\Delinea_Secret_Server_and_Privilege_Manager_20230609123901_SS_Configuration.log
[0304:1214][2023-06-09T12:50:43]i319: Applied execute package: SecretServer, result: 0x0, restart: None
[1C4C:0D98][2023-06-09T12:50:43]i325: Registering dependency: {4d86eb3b-e820-4b7c-ba85-93a249758cb2} on package provider: {017DE4BA-E3D5-4293-909A-8CB41B3322AF}, package: SecretServer
[1C4C:0D98][2023-06-09T12:50:43]i372: Session end, registration key: SOFTWARE\Microsoft\Windows\CurrentVersion\Uninstall\{4d86eb3b-e820-4b7c-ba85-93a249758cb2}, resume: ARP, restart: None, disable resume: No
[1C4C:0D98][2023-06-09T12:50:43]i371: Updating session, registration key: SOFTWARE\Microsoft\Windows\CurrentVersion\Uninstall\{4d86eb3b-e820-4b7c-ba85-93a249758cb2}, resume: ARP, restart initiated: No, disable resume: No
[0304:08B8][2023-06-09T12:50:43]i000: Secret Server install was valid: True
[0304:1214][2023-06-09T12:50:43]i399: Apply complete, result: 0x0, restart: None, ba requested restart:  No
