[2023/06/09 12:34:55] The following dependencies are requested to be installed: INSTALL_IIS,INSTALL_IIS_COMPS,INSTALL_NET_WCF,INSTALL_HTTPS_BINDING
[2023/06/09 12:34:55] Checking if IIS-WebServerRole is available...
[2023/06/09 12:34:56] IIS-WebServerRole is available.
[2023/06/09 12:34:56] Enabling IIS-WebServerRole...
[2023/06/09 12:35:19] Enabling IIS features...
[2023/06/09 12:35:19] Checking if NetFx4Extended-ASPNET45 is available...
[2023/06/09 12:35:20] NetFx4Extended-ASPNET45 is available.
[2023/06/09 12:35:20] Enabling NetFx4Extended-ASPNET45...
[2023/06/09 12:35:24] Checking if IIS-WebServer is available...
[2023/06/09 12:35:24] IIS-WebServer is available.
[2023/06/09 12:35:24] Enabling IIS-WebServer...
[2023/06/09 12:35:27] Checking if IIS-ManagementConsole is available...
[2023/06/09 12:35:27] IIS-ManagementConsole is available.
[2023/06/09 12:35:27] Enabling IIS-ManagementConsole...
[2023/06/09 12:35:30] Checking if IIS-ApplicationDevelopment is available...
[2023/06/09 12:35:30] IIS-ApplicationDevelopment is available.
[2023/06/09 12:35:30] Enabling IIS-ApplicationDevelopment...
[2023/06/09 12:35:33] Checking if IIS-ApplicationInit is available...
[2023/06/09 12:35:33] IIS-ApplicationInit is available.
[2023/06/09 12:35:33] Enabling IIS-ApplicationInit...
[2023/06/09 12:35:38] Checking if IIS-RequestFiltering is available...
[2023/06/09 12:35:38] IIS-RequestFiltering is available.
[2023/06/09 12:35:38] Enabling IIS-RequestFiltering...
[2023/06/09 12:35:41] Checking if IIS-NetFxExtensibility45 is available...
[2023/06/09 12:35:41] IIS-NetFxExtensibility45 is available.
[2023/06/09 12:35:42] Enabling IIS-NetFxExtensibility45...
[2023/06/09 12:35:46] Checking if IIS-ISAPIExtensions is available...
[2023/06/09 12:35:47] IIS-ISAPIExtensions is available.
[2023/06/09 12:35:47] Enabling IIS-ISAPIExtensions...
[2023/06/09 12:35:51] Checking if IIS-DefaultDocument is available...
[2023/06/09 12:35:51] IIS-DefaultDocument is available.
[2023/06/09 12:35:52] Enabling IIS-DefaultDocument...
[2023/06/09 12:35:54] Checking if IIS-ISAPIFilter is available...
[2023/06/09 12:35:54] IIS-ISAPIFilter is available.
[2023/06/09 12:35:55] Enabling IIS-ISAPIFilter...
[2023/06/09 12:35:59] Checking if IIS-ASPNET45 is available...
[2023/06/09 12:35:59] IIS-ASPNET45 is available.
[2023/06/09 12:36:00] Enabling IIS-ASPNET45...
[2023/06/09 12:36:06] Checking if IIS-CommonHttpFeatures is available...
[2023/06/09 12:36:07] IIS-CommonHttpFeatures is available.
[2023/06/09 12:36:07] Enabling IIS-CommonHttpFeatures...
[2023/06/09 12:36:10] Checking if IIS-HttpErrors is available...
[2023/06/09 12:36:10] IIS-HttpErrors is available.
[2023/06/09 12:36:10] Enabling IIS-HttpErrors...
[2023/06/09 12:36:13] Checking if IIS-HttpRedirect is available...
[2023/06/09 12:36:13] IIS-HttpRedirect is available.
[2023/06/09 12:36:13] Enabling IIS-HttpRedirect...
[2023/06/09 12:36:18] Checking if IIS-StaticContent is available...
[2023/06/09 12:36:18] IIS-StaticContent is available.
[2023/06/09 12:36:18] Enabling IIS-StaticContent...
[2023/06/09 12:36:21] Checking if IIS-Performance is available...
[2023/06/09 12:36:21] IIS-Performance is available.
[2023/06/09 12:36:21] Enabling IIS-Performance...
[2023/06/09 12:36:24] Checking if IIS-HttpCompressionDynamic is available...
[2023/06/09 12:36:24] IIS-HttpCompressionDynamic is available.
[2023/06/09 12:36:24] Enabling IIS-HttpCompressionDynamic...
[2023/06/09 12:36:29] Checking if IIS-HttpCompressionStatic is available...
[2023/06/09 12:36:29] IIS-HttpCompressionStatic is available.
[2023/06/09 12:36:29] Enabling IIS-HttpCompressionStatic...
[2023/06/09 12:36:32] Checking if IIS-Security is available...
[2023/06/09 12:36:32] IIS-Security is available.
[2023/06/09 12:36:32] Enabling IIS-Security...
[2023/06/09 12:36:35] Checking if IIS-ManagementScriptingTools is available...
[2023/06/09 12:36:35] IIS-ManagementScriptingTools is available.
[2023/06/09 12:36:35] Enabling IIS-ManagementScriptingTools...
[2023/06/09 12:36:40] Checking if IIS-WindowsAuthentication is available...
[2023/06/09 12:36:41] IIS-WindowsAuthentication is available.
[2023/06/09 12:36:41] Enabling IIS-WindowsAuthentication...
[2023/06/09 12:36:46] Checking if HTTPS binding exists
[2023/06/09 12:36:47] Created new HTTPS binding for Default Web Site
[2023/06/09 12:36:47] Checking HTTPS binding certificate
[2023/06/09 12:36:47] Did not find Server Authentication certificate for CN=DELINEA
[2023/06/09 12:36:48] Self signed certificate will be issued for DELINEA
[2023/06/09 12:36:48] Creating Root CA request for 'CN=DELINEA'
[2023/06/09 12:36:49] Certificate created at location CERT:\LocalMachine\My\530DCE7735E3C1A5EBAE1D2D8B47E73E2484B563
[2023/06/09 12:36:49] Certificate copied to trusted root
[2023/06/09 12:36:50] Successfully added HTTPS binding certificate
[2023/06/09 12:36:50] IIS installation complete.
[2023/06/09 12:36:51] Enabling WCF...
[2023/06/09 12:37:28] Checking if HTTPS binding exists
[2023/06/09 12:37:28] HTTPS binding exists for Default Web Site
[2023/06/09 12:37:28] Checking HTTPS binding certificate
[2023/06/09 12:37:29] Considering 'DELINEA issued by 'DELINEA' (All Purposes)
[2023/06/09 12:37:29] Using certificate CN=DELINEA
[2023/06/09 12:37:29]      [issuer] CN=DELINEA
[2023/06/09 12:37:30]  [thumbprint] 530DCE7735E3C1A5EBAE1D2D8B47E73E2484B563
[2023/06/09 12:37:30]  [valid from] 06/08/2023 12:36:48
[2023/06/09 12:37:30]   [valid for] 5 years
[2023/06/09 12:37:30] HTTPS binding certificate is configured correctly
[2023/06/09 12:37:31] Beginning cleanup
[2023/06/09 12:37:31] Cleanup successful